<?xml version="1.0" encoding="UTF-8"?>
<!-- Generated by org.testng.reporters.JUnitReportReporter -->
<testsuite hostname="LAPTOP-6OL8B37Q" failures="0" tests="4" name="com.qa.opencart.test.LoginPageTest" time="1.750" errors="0" timestamp="2021-11-19T07:06:43 IST" skipped="0">
  <testcase classname="com.qa.opencart.test.LoginPageTest" name="loginPageTitleTest" time="0.013"/>
  <system-out/>
  <testcase classname="com.qa.opencart.test.LoginPageTest" name="forgottentPwdLinkTest" time="0.078"/>
  <system-out/>
  <testcase classname="com.qa.opencart.test.LoginPageTest" name="loginLinkTest" time="0.043"/>
  <system-out/>
  <testcase classname="com.qa.opencart.test.LoginPageTest" name="LoginAppTest" time="1.616"/>
  <system-out/>
</testsuite> <!-- com.qa.opencart.test.LoginPageTest -->
