<?xml version="1.0" encoding="UTF-8"?>
<!-- Generated by org.testng.reporters.JUnitReportReporter -->
<testsuite hostname="AntonPC-IdeaPad" failures="0" tests="1" name="com.qa.opencart.test.LoginPageTest" time="3.039" errors="0" timestamp="2021-11-23T07:45:19 IST" skipped="0">
  <testcase classname="com.qa.opencart.test.LoginPageTest" name="LoginAppTest" time="3.039"/>
  <system-out/>
</testsuite> <!-- com.qa.opencart.test.LoginPageTest -->
